[2024-03-25 13:35:31] [INFO]    [OmnipathR] Welcome to OmnipathR!
[2024-03-25 13:35:31] [TRACE]   [OmnipathR] Reading JSON from `/home/heyer/.cache/OmnipathR/cache.json` (encoding: UTF-8).
[2024-03-25 13:35:31] [TRACE]   [OmnipathR] JSON validation successful: TRUE
[2024-03-25 13:35:31] [INFO]    [OmnipathR] Initialized cache: `/home/heyer/.cache/OmnipathR`.
[2024-03-25 13:35:31] [TRACE]   [OmnipathR] Reading JSON from `/home/heyer/.cache/R/renv/cache/v5/R-4.3/x86_64-pc-linux-gnu/OmnipathR/3.10.1/41cbd1b2c8114dc4676d82f7804551e3/OmnipathR/db/db_def.json` (encoding: UTF-8).
[2024-03-25 13:35:31] [TRACE]   [OmnipathR] JSON validation successful: TRUE
[2024-03-25 13:35:31] [TRACE]   [OmnipathR] Reading JSON from `/home/heyer/.cache/R/renv/cache/v5/R-4.3/x86_64-pc-linux-gnu/OmnipathR/3.10.1/41cbd1b2c8114dc4676d82f7804551e3/OmnipathR/internal/magic_bytes.json` (encoding: UTF-8).
[2024-03-25 13:35:31] [TRACE]   [OmnipathR] JSON validation successful: TRUE
[2024-03-25 13:35:31] [TRACE]   [OmnipathR] Reading JSON from `/home/heyer/.cache/R/renv/cache/v5/R-4.3/x86_64-pc-linux-gnu/OmnipathR/3.10.1/41cbd1b2c8114dc4676d82f7804551e3/OmnipathR/internal/urls.json` (encoding: UTF-8).
[2024-03-25 13:35:31] [TRACE]   [OmnipathR] JSON validation successful: TRUE
[2024-03-25 13:35:31] [TRACE]   [OmnipathR] Reading JSON from `/home/heyer/.cache/R/renv/cache/v5/R-4.3/x86_64-pc-linux-gnu/OmnipathR/3.10.1/41cbd1b2c8114dc4676d82f7804551e3/OmnipathR/internal/id_types.json` (encoding: UTF-8).
[2024-03-25 13:35:31] [TRACE]   [OmnipathR] JSON validation successful: TRUE
[2024-03-25 13:35:32] [TRACE]   [OmnipathR] Reading JSON from `https://omnipathdb.org/resources` (encoding: UTF-8).
[2024-03-25 13:35:32] [TRACE]   [OmnipathR] JSON validation successful: TRUE
[2024-03-25 13:35:32] [INFO]    [OmnipathR] Loading database `Ensembl and OMA organism names`.
[2024-03-25 13:35:32] [INFO]    [OmnipathR] Looking up in cache `https://www.ensembl.org/info/about/species.html`: key=7332486db7400730697234bad76ca0c8e4d00799, latest version=1.
[2024-03-25 13:35:32] [TRACE]   [OmnipathR] Cache file path: /home/heyer/.cache/OmnipathR/7332486db7400730697234bad76ca0c8e4d00799-1.html
[2024-03-25 13:35:33] [TRACE]   [OmnipathR] Looking up in cache: `https://omabrowser.org/All/oma-species.txt`.
[2024-03-25 13:35:33] [TRACE]   [OmnipathR] Loaded data from RDS `/home/heyer/.cache/OmnipathR/30e690cbb55dfc63b5903ab337f34ffc2f4be397-1.rds`.
[2024-03-25 13:35:33] [INFO]    [OmnipathR] Loaded database `Ensembl and OMA organism names`.
[2024-03-25 13:35:33] [TRACE]   [OmnipathR] Reading JSON from `https://omnipathdb.org/resources` (encoding: UTF-8).
[2024-03-25 13:35:33] [TRACE]   [OmnipathR] JSON validation successful: TRUE
[2024-03-25 13:35:34] [TRACE]   [OmnipathR] Looking up in cache: `https://omnipathdb.org/annotations?resources=PanglaoDB&license=academic`
[2024-03-25 13:35:34] [TRACE]   [OmnipathR] Loaded data from RDS `/home/heyer/.cache/OmnipathR/2fd62201e8a0e03a9c4b5db174e29c6ffd074aaf-1.rds`.
[2024-03-25 13:35:34] [INFO]    [OmnipathR] Loaded from cache: `https://omnipathdb.org/annotations?resources=PanglaoDB&license=academic`
[2024-03-25 13:35:34] [SUCCESS] [OmnipathR] Loaded 109993 annotation records from cache.
[2024-03-25 13:36:41] [TRACE]   [OmnipathR] Reading JSON from `https://omnipathdb.org/resources` (encoding: UTF-8).
[2024-03-25 13:36:41] [TRACE]   [OmnipathR] JSON validation successful: TRUE
[2024-03-25 13:36:42] [TRACE]   [OmnipathR] Reading JSON from `https://omnipathdb.org/resources` (encoding: UTF-8).
[2024-03-25 13:36:42] [TRACE]   [OmnipathR] JSON validation successful: TRUE
[2024-03-25 13:36:42] [TRACE]   [OmnipathR] Looking up in cache: `https://omnipathdb.org/annotations?resources=PROGENy&license=academic`
[2024-03-25 13:36:43] [TRACE]   [OmnipathR] Loaded data from RDS `/home/heyer/.cache/OmnipathR/3492392585ba05414edfae46801492076437d7e7-1.rds`.
[2024-03-25 13:36:43] [INFO]    [OmnipathR] Loaded from cache: `https://omnipathdb.org/annotations?resources=PROGENy&license=academic`
[2024-03-25 13:36:43] [SUCCESS] [OmnipathR] Loaded 700257 annotation records from cache.
